<?xml version="1.0" encoding="UTF-8"?>
<!-- Generated by org.testng.reporters.JUnitReportReporter -->
<testsuite hostname="IBM-PF33EK79" failures="0" tests="7" name="FirstTest" time="142.169" errors="0" timestamp="2025-06-11T18:06:18 CST" skipped="0">
  <testcase classname="FirstTest" name="GOOGLE5" time="26.791"/>
  <testcase classname="FirstTest" name="GOOGLE7" time="15.666"/>
  <testcase classname="FirstTest" name="GOOGLE4" time="16.260"/>
  <testcase classname="FirstTest" name="GOOGLE6" time="26.402"/>
  <testcase classname="FirstTest" name="GOOGLE2" time="13.920"/>
  <testcase classname="FirstTest" name="GOOGLE3" time="14.565"/>
  <testcase classname="FirstTest" name="GOOGLE1" time="28.565"/>
</testsuite> <!-- FirstTest -->
