<?xml version="1.0" encoding="UTF-8"?>
<!-- Generated by org.testng.reporters.JUnitReportReporter -->
<testsuite hostname="IBM-PF33EK79" failures="0" tests="3" name="SecondTest" time="67.607" errors="0" timestamp="2025-06-11T18:06:18 CST" skipped="0">
  <testcase classname="SecondTest" name="FIREFOX2" time="21.077"/>
  <testcase classname="SecondTest" name="FIREFOX1" time="21.909"/>
  <testcase classname="SecondTest" name="FIREFOX3" time="24.621"/>
</testsuite> <!-- SecondTest -->
